Release 14.7 - xst P.20131013 (nt)
Copyright (c) 1995-2013 Xilinx, Inc.  All rights reserved.
--> Parameter TMPDIR set to xst/projnav.tmp


Total REAL time to Xst completion: 0.00 secs
Total CPU time to Xst completion: 0.10 secs
 
--> Parameter xsthdpdir set to xst


Total REAL time to Xst completion: 0.00 secs
Total CPU time to Xst completion: 0.10 secs
 
--> Reading design: counter.prj

TABLE OF CONTENTS
  1) Synthesis Options Summary
  2) HDL Compilation
  3) Design Hierarchy Analysis
  4) HDL Analysis
  5) HDL Synthesis
     5.1) HDL Synthesis Report
  6) Advanced HDL Synthesis
     6.1) Advanced HDL Synthesis Report
  7) Low Level Synthesis
  8) Partition Report
  9) Final Report
	9.1) Device utilization summary
	9.2) Partition Resource Summary
	9.3) TIMING REPORT


=========================================================================
*                      Synthesis Options Summary                        *
=========================================================================
---- Source Parameters
Input File Name                    : "counter.prj"
Input Format                       : mixed
Ignore Synthesis Constraint File   : NO

---- Target Parameters
Output File Name                   : "counter"
Output Format                      : NGC
Target Device                      : xc3s100e-5-cp132

---- Source Options
Top Module Name                    : counter
Automatic FSM Extraction           : YES
FSM Encoding Algorithm             : Auto
Safe Implementation                : No
FSM Style                          : LUT
RAM Extraction                     : Yes
RAM Style                          : Auto
ROM Extraction                     : Yes
Mux Style                          : Auto
Decoder Extraction                 : YES
Priority Encoder Extraction        : Yes
Shift Register Extraction          : YES
Logical Shifter Extraction         : YES
XOR Collapsing                     : YES
ROM Style                          : Auto
Mux Extraction                     : Yes
Resource Sharing                   : YES
Asynchronous To Synchronous        : NO
Multiplier Style                   : Auto
Automatic Register Balancing       : No

---- Target Options
Add IO Buffers                     : YES
Global Maximum Fanout              : 100000
Add Generic Clock Buffer(BUFG)     : 24
Register Duplication               : YES
Slice Packing                      : YES
Optimize Instantiated Primitives   : NO
Use Clock Enable                   : Yes
Use Synchronous Set                : Yes
Use Synchronous Reset              : Yes
Pack IO Registers into IOBs        : Auto
Equivalent register Removal        : YES

---- General Options
Optimization Goal                  : Speed
Optimization Effort                : 1
Keep Hierarchy                     : No
Netlist Hierarchy                  : As_Optimized
RTL Output                         : Yes
Global Optimization                : AllClockNets
Read Cores                         : YES
Write Timing Constraints           : NO
Cross Clock Analysis               : NO
Hierarchy Separator                : /
Bus Delimiter                      : <>
Case Specifier                     : Maintain
Slice Utilization Ratio            : 100
BRAM Utilization Ratio             : 100
Verilog 2001                       : YES
Auto BRAM Packing                  : NO
Slice Utilization Ratio Delta      : 5

=========================================================================


=========================================================================
*                          HDL Compilation                              *
=========================================================================
Compiling vhdl file "C:/Users/Duy/ISE Projects/counter/counter.vhd" in Library work.
Entity <counter> compiled.
Entity <counter> (Architecture <behavior>) compiled.

=========================================================================
*                     Design Hierarchy Analysis                         *
=========================================================================
Analyzing hierarchy for entity <counter> in library <work> (architecture <behavior>) with generics.
	n = 4


=========================================================================
*                            HDL Analysis                               *
=========================================================================
Analyzing generic Entity <counter> in library <work> (Architecture <behavior>).
	n = 4
Entity <counter> analyzed. Unit <counter> generated.


=========================================================================
*                           HDL Synthesis                               *
=========================================================================

Performing bidirectional port resolution...

Synthesizing Unit <counter>.
    Related source file is "C:/Users/Duy/ISE Projects/counter/counter.vhd".
    Found 32-bit up counter for signal <counter>.
    Found 4-bit updown counter for signal <Q>.
    Found 1-bit register for signal <SlowClock>.
    Found 32-bit comparator greatequal for signal <SlowClock$cmp_ge0000> created at line 43.
    Found 32-bit comparator less for signal <SlowClock$cmp_lt0000> created at line 45.
    Found 32-bit comparator less for signal <SlowClock$cmp_lt0001> created at line 43.
    Summary:
	inferred   2 Counter(s).
	inferred   1 D-type flip-flop(s).
	inferred   3 Comparator(s).
Unit <counter> synthesized.


=========================================================================
HDL Synthesis Report

Macro Statistics
# Counters                                             : 2
 32-bit up counter                                     : 1
 4-bit updown counter                                  : 1
# Registers                                            : 1
 1-bit register                                        : 1
# Comparators                                          : 3
 32-bit comparator greatequal                          : 1
 32-bit comparator less                                : 2

=========================================================================

=========================================================================
*                       Advanced HDL Synthesis                          *
=========================================================================


=========================================================================
Advanced HDL Synthesis Report

Macro Statistics
# Counters                                             : 2
 32-bit up counter                                     : 1
 4-bit updown counter                                  : 1
# Registers                                            : 1
 Flip-Flops                                            : 1
# Comparators                                          : 3
 32-bit comparator greatequal                          : 1
 32-bit comparator less                                : 2

=========================================================================

=========================================================================
*                         Low Level Synthesis                           *
=========================================================================

Optimizing unit <counter> ...

Mapping all equations...
Building and optimizing final netlist ...
Found area constraint ratio of 100 (+ 5) on block counter, actual ratio is 4.

Final Macro Processing ...

=========================================================================
Final Register Report

Macro Statistics
# Registers                                            : 37
 Flip-Flops                                            : 37

=========================================================================

=========================================================================
*                           Partition Report                            *
=========================================================================

Partition Implementation Status
-------------------------------

  No Partitions were found in this design.

-------------------------------

=========================================================================
*                            Final Report                               *
=========================================================================
Final Results
RTL Top Level Output File Name     : counter.ngr
Top Level Output File Name         : counter
Output Format                      : NGC
Optimization Goal                  : Speed
Keep Hierarchy                     : No

Design Statistics
# IOs                              : 10

Cell Usage :
# BELS                             : 164
#      GND                         : 1
#      INV                         : 12
#      LUT1                        : 39
#      LUT2                        : 3
#      LUT3                        : 2
#      LUT4                        : 17
#      MUXCY                       : 57
#      VCC                         : 1
#      XORCY                       : 32
# FlipFlops/Latches                : 37
#      FDC                         : 4
#      FDR                         : 32
#      FDRE                        : 1
# Clock Buffers                    : 1
#      BUFGP                       : 1
# IO Buffers                       : 9
#      IBUF                        : 2
#      OBUF                        : 7
=========================================================================

Device utilization summary:
---------------------------

Selected Device : 3s100ecp132-5 

 Number of Slices:                       38  out of    960     3%  
 Number of Slice Flip Flops:             37  out of   1920     1%  
 Number of 4 input LUTs:                 73  out of   1920     3%  
 Number of IOs:                          10
 Number of bonded IOBs:                  10  out of     83    12%  
 Number of GCLKs:                         1  out of     24     4%  

---------------------------
Partition Resource Summary:
---------------------------

  No Partitions were found in this design.

---------------------------


=========================================================================
TIMING REPORT

NOTE: THESE TIMING NUMBERS ARE ONLY A SYNTHESIS ESTIMATE.
      FOR ACCURATE TIMING INFORMATION PLEASE REFER TO THE TRACE REPORT
      GENERATED AFTER PLACE-and-ROUTE.

Clock Information:
------------------
-----------------------------------+------------------------+-------+
Clock Signal                       | Clock buffer(FF name)  | Load  |
-----------------------------------+------------------------+-------+
clock                              | BUFGP                  | 33    |
SlowClock                          | NONE(Q_0)              | 4     |
-----------------------------------+------------------------+-------+
INFO:Xst:2169 - HDL ADVISOR - Some clock signals were not automatically buffered by XST with BUFG/BUFR resources. Please use the buffer_type constraint in order to insert these buffers to the clock signals to help prevent skew problems.

Asynchronous Control Signals Information:
----------------------------------------
-----------------------------------+------------------------+-------+
Control Signal                     | Buffer(FF name)        | Load  |
-----------------------------------+------------------------+-------+
reset                              | IBUF                   | 4     |
-----------------------------------+------------------------+-------+

Timing Summary:
---------------
Speed Grade: -5

   Minimum period: 5.989ns (Maximum Frequency: 166.968MHz)
   Minimum input arrival time before clock: 3.478ns
   Maximum output required time after clock: 5.554ns
   Maximum combinational path delay: No path found

Timing Detail:
--------------
All values displayed in nanoseconds (ns)

=========================================================================
Timing constraint: Default period analysis for Clock 'clock'
  Clock period: 5.989ns (frequency: 166.968MHz)
  Total number of paths / destination ports: 2244 / 66
-------------------------------------------------------------------------
Delay:               5.989ns (Levels of Logic = 15)
  Source:            counter_7 (FF)
  Destination:       counter_0 (FF)
  Source Clock:      clock rising
  Destination Clock: clock rising

  Data Path: counter_7 to counter_0
                                Gate     Net
    Cell:in->out      fanout   Delay   Delay  Logical Name (Net Name)
    ----------------------------------------  ------------
     FDR:C->Q              3   0.514   0.603  counter_7 (counter_7)
     LUT1:I0->O            1   0.612   0.000  Mcompar_SlowClock_cmp_lt0001_cy<0>_0_rt (Mcompar_SlowClock_cmp_lt0001_cy<0>_0_rt)
     MUXCY:S->O            1   0.404   0.000  Mcompar_SlowClock_cmp_lt0001_cy<0>_0 (Mcompar_SlowClock_cmp_lt0001_cy<0>1)
     MUXCY:CI->O           1   0.052   0.000  Mcompar_SlowClock_cmp_lt0001_cy<1>_0 (Mcompar_SlowClock_cmp_lt0001_cy<1>1)
     MUXCY:CI->O           1   0.052   0.000  Mcompar_SlowClock_cmp_lt0001_cy<2>_0 (Mcompar_SlowClock_cmp_lt0001_cy<2>1)
     MUXCY:CI->O           1   0.052   0.000  Mcompar_SlowClock_cmp_lt0001_cy<3>_0 (Mcompar_SlowClock_cmp_lt0001_cy<3>1)
     MUXCY:CI->O           1   0.052   0.000  Mcompar_SlowClock_cmp_lt0001_cy<4>_0 (Mcompar_SlowClock_cmp_lt0001_cy<4>1)
     MUXCY:CI->O           1   0.052   0.000  Mcompar_SlowClock_cmp_lt0001_cy<5>_0 (Mcompar_SlowClock_cmp_lt0001_cy<5>1)
     MUXCY:CI->O           1   0.052   0.000  Mcompar_SlowClock_cmp_lt0001_cy<6>_0 (Mcompar_SlowClock_cmp_lt0001_cy<6>1)
     MUXCY:CI->O           1   0.052   0.000  Mcompar_SlowClock_cmp_lt0001_cy<7>_0 (Mcompar_SlowClock_cmp_lt0001_cy<7>1)
     MUXCY:CI->O           1   0.052   0.000  Mcompar_SlowClock_cmp_lt0001_cy<8>_0 (Mcompar_SlowClock_cmp_lt0001_cy<8>1)
     MUXCY:CI->O           1   0.052   0.000  Mcompar_SlowClock_cmp_lt0001_cy<9>_0 (Mcompar_SlowClock_cmp_lt0001_cy<9>1)
     MUXCY:CI->O           1   0.052   0.000  Mcompar_SlowClock_cmp_lt0001_cy<10>_0 (Mcompar_SlowClock_cmp_lt0001_cy<10>1)
     MUXCY:CI->O           1   0.052   0.000  Mcompar_SlowClock_cmp_lt0001_cy<11>_0 (Mcompar_SlowClock_cmp_lt0001_cy<11>1)
     MUXCY:CI->O           2   0.399   0.410  Mcompar_SlowClock_cmp_lt0001_cy<12>_0 (Mcompar_SlowClock_cmp_lt0001_cy<12>1)
     LUT3:I2->O           32   0.612   1.073  counter_and00001 (counter_and0000)
     FDR:R                     0.795          counter_0
    ----------------------------------------
    Total                      5.989ns (3.903ns logic, 2.086ns route)
                                       (65.2% logic, 34.8% route)

=========================================================================
Timing constraint: Default period analysis for Clock 'SlowClock'
  Clock period: 3.281ns (frequency: 304.785MHz)
  Total number of paths / destination ports: 10 / 4
-------------------------------------------------------------------------
Delay:               3.281ns (Levels of Logic = 2)
  Source:            Q_2 (FF)
  Destination:       Q_3 (FF)
  Source Clock:      SlowClock rising
  Destination Clock: SlowClock rising

  Data Path: Q_2 to Q_3
                                Gate     Net
    Cell:in->out      fanout   Delay   Delay  Logical Name (Net Name)
    ----------------------------------------  ------------
     FDC:C->Q              9   0.514   0.849  Q_2 (Q_2)
     LUT4:I0->O            1   0.612   0.426  Result<3>_SW0 (N01)
     LUT2:I1->O            1   0.612   0.000  Result<3> (Result<3>)
     FDC:D                     0.268          Q_3
    ----------------------------------------
    Total                      3.281ns (2.006ns logic, 1.275ns route)
                                       (61.1% logic, 38.9% route)

=========================================================================
Timing constraint: Default OFFSET IN BEFORE for Clock 'SlowClock'
  Total number of paths / destination ports: 3 / 3
-------------------------------------------------------------------------
Offset:              3.478ns (Levels of Logic = 3)
  Source:            UpDownCount (PAD)
  Destination:       Q_3 (FF)
  Destination Clock: SlowClock rising

  Data Path: UpDownCount to Q_3
                                Gate     Net
    Cell:in->out      fanout   Delay   Delay  Logical Name (Net Name)
    ----------------------------------------  ------------
     IBUF:I->O             3   1.106   0.454  UpDownCount_IBUF (UpDownCount_IBUF)
     LUT4:I3->O            1   0.612   0.426  Result<3>_SW0 (N01)
     LUT2:I1->O            1   0.612   0.000  Result<3> (Result<3>)
     FDC:D                     0.268          Q_3
    ----------------------------------------
    Total                      3.478ns (2.598ns logic, 0.880ns route)
                                       (74.7% logic, 25.3% route)

=========================================================================
Timing constraint: Default OFFSET OUT AFTER for Clock 'SlowClock'
  Total number of paths / destination ports: 28 / 7
-------------------------------------------------------------------------
Offset:              5.554ns (Levels of Logic = 2)
  Source:            Q_1 (FF)
  Destination:       a (PAD)
  Source Clock:      SlowClock rising

  Data Path: Q_1 to a
                                Gate     Net
    Cell:in->out      fanout   Delay   Delay  Logical Name (Net Name)
    ----------------------------------------  ------------
     FDC:C->Q             10   0.514   0.902  Q_1 (Q_1)
     LUT4:I0->O            1   0.612   0.357  c1 (c_OBUF)
     OBUF:I->O                 3.169          c_OBUF (c)
    ----------------------------------------
    Total                      5.554ns (4.295ns logic, 1.259ns route)
                                       (77.3% logic, 22.7% route)

=========================================================================


Total REAL time to Xst completion: 4.00 secs
Total CPU time to Xst completion: 4.37 secs
 
--> 

Total memory usage is 223164 kilobytes

Number of errors   :    0 (   0 filtered)
Number of warnings :    0 (   0 filtered)
Number of infos    :    1 (   0 filtered)

